[t6sk.lol/index.html]
[backblue.gif]
[fade.gif]
[index.html]
[t6sk.lol/cat.jpg]
[t6sk.lol/src/bio22b8a.css]
[t6sk.lol/css06f1]
[t6sk.lol/css2-16488]
[t6sk.lol/ajax/libs/toastr.js/2.1.4/toastr.min.js]
[t6sk.lol/src/tooltips.css]
[t6sk.lol/lonely.mp3]
[t6sk.lol/gh/StephanWagner/jBox@v1.3.2/dist/jBox.all.min.js]
[t6sk.lol/EvxzaLGQVT40yOZQ.mp4]
[t6sk.lol/92du1e.png]
[t6sk.lol/ajax/libs/jquery/3.7.1/jquery.min.js]
[t6sk.lol/vcoq65.png]
[t6sk.lol/38g059.png]
[t6sk.lol/8fa3c4.png]
[t6sk.lol/82qf8b.png]
[t6sk.lol/cross.png]
[t6sk.lol/index.html]
[t6sk.lol/src/bio22b8a.css]
[t6sk.lol/src/tooltips.css]
[t6sk.lol/cross.html]
